<?xml version="1.0" encoding="UTF-8"?>
<!-- Generated by org.testng.reporters.JUnitXMLReporter -->
<testsuite hostname="LAPTOP-KULC1DCB" failures="1" tests="2" name="ChromeTest" time="11.955" errors="0" timestamp="12 Jul 2022 12:37:00 GMT">
  <testcase classname="maventestng.testng" name="verifyHomepageTitle" time="11.05"/>
  <testcase classname="maventestng.testng" name="verifyHomepage1Title" time="0.897">
    <failure type="java.lang.AssertionError" message="expected [Welcome: Mercury Tours] but found [Just a moment...]">
      <![CDATA[java.lang.AssertionError: expected [Welcome: Mercury Tours] but found [Just a moment...]
	at maventestng.testng.verifyHomepage1Title(testng.java:33)
	at java.base/java.util.concurrent.FutureTask.run(FutureTask.java:264)
	at java.base/java.util.concurrent.ThreadPoolExecutor.runWorker(ThreadPoolExecutor.java:1136)
	at java.base/java.util.concurrent.ThreadPoolExecutor$Worker.run(ThreadPoolExecutor.java:635)
	at java.base/java.lang.Thread.run(Thread.java:833)
... Removed 20 stack frames]]>
    </failure>
  </testcase> <!-- verifyHomepage1Title -->
</testsuite> <!-- ChromeTest -->
